<?xml version="1.0" encoding="UTF-8"?>
<testng-results ignored="0" total="2" passed="2" failed="0" skipped="0">
  <reporter-output>
  </reporter-output>
  <suite started-at="2023-06-30T12:10:44 IST" name="Suite" finished-at="2023-06-30T12:11:12 IST" duration-ms="27850">
    <groups>
    </groups>
    <test started-at="2023-06-30T12:10:44 IST" name="Test" finished-at="2023-06-30T12:11:12 IST" duration-ms="27850">
      <class name="com.sdet.junit.AmazonAplication">
        <test-method signature="chrome2()[pri:0, instance:com.sdet.junit.AmazonAplication@4944252c]" started-at="2023-06-30T12:10:44 IST" name="chrome2" finished-at="2023-06-30T12:11:12 IST" duration-ms="27778" status="PASS">
          <reporter-output>
          </reporter-output>
        </test-method> <!-- chrome2 -->
        <test-method signature="chrome1()[pri:0, instance:com.sdet.junit.AmazonAplication@4944252c]" started-at="2023-06-30T12:10:44 IST" name="chrome1" finished-at="2023-06-30T12:11:12 IST" duration-ms="27780" status="PASS">
          <reporter-output>
          </reporter-output>
        </test-method> <!-- chrome1 -->
      </class> <!-- com.sdet.junit.AmazonAplication -->
    </test> <!-- Test -->
  </suite> <!-- Suite -->
</testng-results>
